-- Found ament_cmake: 0.9.11 (/opt/ros/foxy/share/ament_cmake/cmake)
-- Found PythonInterp: /usr/bin/python3 (found suitable version "3.8.10", minimum required is "3") 
-- Using PYTHON_EXECUTABLE: /usr/bin/python3
-- Override CMake install command with custom implementation using symlinks instead of copying resources
-- Found nav2_common: 0.4.7 (/home/ik/aws_ws/install/nav2_common/share/nav2_common/cmake)
-- Found nav2_msgs: 0.4.7 (/home/ik/aws_ws/install/nav2_msgs/share/nav2_msgs/cmake)
-- Using all available rosidl_typesupport_c: rosidl_typesupport_fastrtps_c;rosidl_typesupport_introspection_c
-- Found rosidl_adapter: 1.3.0 (/opt/ros/foxy/share/rosidl_adapter/cmake)
-- Using all available rosidl_typesupport_cpp: rosidl_typesupport_fastrtps_cpp;rosidl_typesupport_introspection_cpp
-- Found tf2_ros: 0.13.14 (/opt/ros/foxy/share/tf2_ros/cmake)
-- Found rmw_implementation_cmake: 1.0.4 (/opt/ros/foxy/share/rmw_implementation_cmake/cmake)
-- Using RMW implementation 'rmw_fastrtps_cpp' as default
-- Found tf2_geometry_msgs: 0.13.14 (/opt/ros/foxy/share/tf2_geometry_msgs/cmake)
-- Found eigen3_cmake_module: 0.1.1 (/opt/ros/foxy/share/eigen3_cmake_module/cmake)
-- Found lifecycle_msgs: 1.0.0 (/opt/ros/foxy/share/lifecycle_msgs/cmake)
-- Found test_msgs: 1.0.0 (/opt/ros/foxy/share/test_msgs/cmake)
-- Found rclcpp_lifecycle: 2.4.2 (/opt/ros/foxy/share/rclcpp_lifecycle/cmake)
-- Found ament_lint_auto: 0.9.8 (/opt/ros/foxy/share/ament_lint_auto/cmake)
-- Found ament_cmake_pytest: 0.9.11 (/opt/ros/foxy/share/ament_cmake_pytest/cmake)
-- Found launch_testing_ament_cmake: 0.10.10 (/opt/ros/foxy/share/launch_testing_ament_cmake/cmake)
-- Found python_cmake_module: 0.8.1 (/opt/ros/foxy/share/python_cmake_module/cmake)
-- Found PythonInterp: /usr/bin/python3 (found suitable version "3.8.10", minimum required is "3.5") 
-- Using PYTHON_EXECUTABLE: /usr/bin/python3
-- Using PYTHON_INCLUDE_DIRS: /usr/include/python3.8
-- Using PYTHON_LIBRARIES: /usr/lib/x86_64-linux-gnu/libpython3.8.so
-- Found gtest sources under '/opt/ros/foxy/src/gtest_vendor': C++ tests using 'Google Test' will be built
-- Added test 'copyright' to check source files copyright and LICENSE
-- Added test 'cppcheck' to perform static code analysis on C / C++ code
-- Configured cppcheck include dirs: /home/ik/aws_ws/src/navigation2/nav2_util/include
-- Configured cppcheck exclude dirs and/or files: 
-- Added test 'cpplint' to check C / C++ code against the Google style
-- Configured cpplint exclude dirs and/or files: 
-- Added test 'flake8' to check Python code syntax and style conventions
-- Added test 'lint_cmake' to check CMake code style
-- Added test 'pep257' to check Python code against some of the style conventions in PEP 257
-- Added test 'uncrustify' to check C / C++ code style
-- Configured uncrustify additional arguments: 
-- Added test 'xmllint' to check XML markup files
-- Configuring done
-- Generating done
-- Build files have been written to: /home/ik/aws_ws/build/nav2_util
[  5%] Built target gtest_main
[ 10%] Built target gtest
[ 12%] [32mBuilding CXX object src/CMakeFiles/dump_params.dir/dump_params.cpp.o[0m
[ 15%] [32mBuilding CXX object src/CMakeFiles/nav2_util_core.dir/lifecycle_node.cpp.o[0m
[ 17%] [32mBuilding CXX object src/CMakeFiles/nav2_util_core.dir/lifecycle_service_client.cpp.o[0m
[ 20%] [32mBuilding CXX object src/CMakeFiles/nav2_util_core.dir/costmap.cpp.o[0m
[ 25%] [32mBuilding CXX object src/CMakeFiles/nav2_util_core.dir/string_utils.cpp.o[0m
[ 25%] [32mBuilding CXX object src/CMakeFiles/nav2_util_core.dir/lifecycle_utils.cpp.o[0m
[ 27%] [32mBuilding CXX object src/CMakeFiles/nav2_util_core.dir/node_utils.cpp.o[0m
[ 30%] [32mBuilding CXX object test/CMakeFiles/test_execution_timer.dir/test_execution_timer.cpp.o[0m
[ 32%] [32mBuilding CXX object src/CMakeFiles/nav2_util_core.dir/robot_utils.cpp.o[0m
[ 35%] [32m[1mLinking CXX executable test_execution_timer[0m
[ 35%] Built target test_execution_timer
[ 37%] [32mBuilding CXX object src/CMakeFiles/nav2_util_core.dir/node_thread.cpp.o[0m
[ 40%] [32mBuilding CXX object src/CMakeFiles/nav2_util_core.dir/odometry_utils.cpp.o[0m
[ 42%] [32m[1mLinking CXX executable dump_params[0m
[ 42%] Built target dump_params
[ 45%] [32m[1mLinking CXX shared library libnav2_util_core.so[0m
[ 45%] Built target nav2_util_core
[ 47%] [32mBuilding CXX object test/CMakeFiles/test_string_utils.dir/test_string_utils.cpp.o[0m
[ 50%] [32mBuilding CXX object test/CMakeFiles/test_lifecycle_cli_node.dir/test_lifecycle_cli_node.cpp.o[0m
[ 52%] [32mBuilding CXX object test/CMakeFiles/test_service_client.dir/test_service_client.cpp.o[0m
[ 57%] [32mBuilding CXX object test/CMakeFiles/test_actions.dir/test_actions.cpp.o[0m
[ 57%] [32mBuilding CXX object src/CMakeFiles/lifecycle_bringup.dir/lifecycle_bringup_commandline.cpp.o[0m
[ 60%] [32mBuilding CXX object test/CMakeFiles/test_lifecycle_node.dir/test_lifecycle_node.cpp.o[0m
[ 62%] [32mBuilding CXX object test/CMakeFiles/test_node_utils.dir/test_node_utils.cpp.o[0m
[ 65%] [32mBuilding CXX object test/CMakeFiles/test_lifecycle_utils.dir/test_lifecycle_utils.cpp.o[0m
[ 67%] [32m[1mLinking CXX executable test_string_utils[0m
[ 67%] Built target test_string_utils
[ 70%] [32mBuilding CXX object test/CMakeFiles/test_geometry_utils.dir/test_geometry_utils.cpp.o[0m
[ 72%] [32m[1mLinking CXX executable lifecycle_bringup[0m
[ 72%] Built target lifecycle_bringup
[ 75%] [32mBuilding CXX object test/CMakeFiles/test_odometry_utils.dir/test_odometry_utils.cpp.o[0m
[ 77%] [32m[1mLinking CXX executable test_lifecycle_cli_node[0m
[ 80%] [32m[1mLinking CXX executable test_lifecycle_node[0m
[ 82%] [32m[1mLinking CXX executable test_lifecycle_utils[0m
[ 82%] Built target test_lifecycle_cli_node
[ 82%] Built target test_lifecycle_node
[ 85%] [32mBuilding CXX object test/CMakeFiles/test_robot_utils.dir/test_robot_utils.cpp.o[0m
[ 85%] Built target test_lifecycle_utils
[ 87%] [32m[1mLinking CXX executable test_service_client[0m
[ 90%] [32m[1mLinking CXX executable test_node_utils[0m
[ 90%] Built target test_service_client
[ 90%] Built target test_node_utils
[ 92%] [32m[1mLinking CXX executable test_geometry_utils[0m
[ 92%] Built target test_geometry_utils
[ 95%] [32m[1mLinking CXX executable test_robot_utils[0m
[ 95%] Built target test_robot_utils
[ 97%] [32m[1mLinking CXX executable test_odometry_utils[0m
[ 97%] Built target test_odometry_utils
make[2]: *** [test/CMakeFiles/test_actions.dir/build.make:63: test/CMakeFiles/test_actions.dir/test_actions.cpp.o] Interrupt
make[1]: *** [CMakeFiles/Makefile2:443: test/CMakeFiles/test_actions.dir/all] Interrupt
make: *** [Makefile:141: all] Interrupt
